0 info it worked if it ends with ok
1 verbose cli [ '/usr/bin/node', '/usr/bin/npm', 'run', 'compile:css' ]
2 info using npm@3.5.2
3 info using node@v8.10.0
4 verbose run-script [ 'precompile:css', 'compile:css', 'postcompile:css' ]
5 info lifecycle shahabtheme@1.0.0~precompile:css: shahabtheme@1.0.0
6 silly lifecycle shahabtheme@1.0.0~precompile:css: no script for precompile:css, continuing
7 info lifecycle shahabtheme@1.0.0~compile:css: shahabtheme@1.0.0
8 verbose lifecycle shahabtheme@1.0.0~compile:css: unsafe-perm in lifecycle true
9 verbose lifecycle shahabtheme@1.0.0~compile:css: PATH: /usr/share/npm/bin/node-gyp-bin:/var/www/html/wordpresstest/wp-content/themes/shahabtheme/node_modules/.bin:/var/www/html/wordpresstest/wp-content/themes/shahabtheme/node_modules/.bin:/home/shahab/.local/bin:/usr/local/sbin:/usr/local/bin:/usr/sbin:/usr/bin:/sbin:/bin:/usr/games:/usr/local/games:/snap/bin
10 verbose lifecycle shahabtheme@1.0.0~compile:css: CWD: /var/www/html/wordpresstest/wp-content/themes/shahabtheme
11 silly lifecycle shahabtheme@1.0.0~compile:css: Args: [ '-c',
11 silly lifecycle   'node-sass sass/ -o ./ && stylelint \'*.css\' --fix || true && stylelint \'*.css\' --fix' ]
12 silly lifecycle shahabtheme@1.0.0~compile:css: Returned: code: 1  signal: null
13 info lifecycle shahabtheme@1.0.0~compile:css: Failed to exec compile:css script
14 verbose stack Error: shahabtheme@1.0.0 compile:css: `node-sass sass/ -o ./ && stylelint '*.css' --fix || true && stylelint '*.css' --fix`
14 verbose stack Exit status 1
14 verbose stack     at EventEmitter.<anonymous> (/usr/share/npm/lib/utils/lifecycle.js:232:16)
14 verbose stack     at emitTwo (events.js:126:13)
14 verbose stack     at EventEmitter.emit (events.js:214:7)
14 verbose stack     at ChildProcess.<anonymous> (/usr/share/npm/lib/utils/spawn.js:24:14)
14 verbose stack     at emitTwo (events.js:126:13)
14 verbose stack     at ChildProcess.emit (events.js:214:7)
14 verbose stack     at maybeClose (internal/child_process.js:925:16)
14 verbose stack     at Process.ChildProcess._handle.onexit (internal/child_process.js:209:5)
15 verbose pkgid shahabtheme@1.0.0
16 verbose cwd /var/www/html/wordpresstest/wp-content/themes/shahabtheme
17 error Linux 4.15.0-117-generic
18 error argv "/usr/bin/node" "/usr/bin/npm" "run" "compile:css"
19 error node v8.10.0
20 error npm  v3.5.2
21 error code ELIFECYCLE
22 error shahabtheme@1.0.0 compile:css: `node-sass sass/ -o ./ && stylelint '*.css' --fix || true && stylelint '*.css' --fix`
22 error Exit status 1
23 error Failed at the shahabtheme@1.0.0 compile:css script 'node-sass sass/ -o ./ && stylelint '*.css' --fix || true && stylelint '*.css' --fix'.
23 error Make sure you have the latest version of node.js and npm installed.
23 error If you do, this is most likely a problem with the shahabtheme package,
23 error not with npm itself.
23 error Tell the author that this fails on your system:
23 error     node-sass sass/ -o ./ && stylelint '*.css' --fix || true && stylelint '*.css' --fix
23 error You can get information on how to open an issue for this project with:
23 error     npm bugs shahabtheme
23 error Or if that isn't available, you can get their info via:
23 error     npm owner ls shahabtheme
23 error There is likely additional logging output above.
24 verbose exit [ 1, true ]
